#
# A fatal error has been detected by the Java Runtime Environment:
#
#  EXCEPTION_ACCESS_VIOLATION (0xc0000005) at pc=0x000000007976c9c3, pid=1520, tid=2608
#
# JRE version: 7.0_13-b20
# Java VM: Java HotSpot(TM) 64-Bit Server VM (23.7-b01 mixed mode windows-amd64 compressed oops)
# Problematic frame:
# C  [msvcr100.dll+0x3c9c3]  strncpy+0x183
#
# Failed to write core dump. Minidumps are not enabled by default on client versions of Windows
#
# If you would like to submit a bug report, please visit:
#   http://bugreport.sun.com/bugreport/crash.jsp
#

---------------  T H R E A D  ---------------

Current thread (0x0000000001d30800):  JavaThread "main" [_thread_in_vm, id=2608, stack(0x0000000001f50000,0x0000000002050000)]

siginfo: ExceptionCode=0xc0000005, reading address 0xffffffffffffffff

Registers:
RAX=0x0002797261726269, RBX=0x000000000204de00, RCX=0x0000000000000000, RDX=0x000000000015c7b0
RSP=0x000000000204dd50, RBP=0x000000000204de80, RSI=0x000000000204e300, RDI=0x0000000001d09cc0
R8 =0x000007fffffdb000, R9 =0x000000000204e1b0, R10=0x0000000000000000, R11=0x00000004041ce70f
R12=0x0000000000000000, R13=0x0000000000000000, R14=0x0000000001d29aa0, R15=0x000000000204e1b0
RIP=0x000000007976c9c3, EFLAGS=0x0000000000010202

Top of Stack: (sp=0x000000000204dd50)
0x000000000204dd50:   000000000204e320 00000000797520d7
0x000000000204dd60:   0000000000000065 000000007976d78a
0x000000000204dd70:   000000000204e0b0 0000000079782fd4
0x000000000204dd80:   000000000204de40 000000007976c9bf
0x000000000204dd90:   00000000797e27e0 0000000001cb6d10
0x000000000204dda0:   000000000017174d 000000006ef5d500
0x000000000204ddb0:   00000000797e27e0 000000007978379c
0x000000000204ddc0:   0000000000000020 0000000000000000
0x000000000204ddd0:   000000000204ddd0 0000000000000000
0x000000000204dde0:   0000000000000000 000000000204e300
0x000000000204ddf0:   000000000204e0b0 000000000204def0
0x000000000204de00:   0000000000000005 0000000000000000
0x000000000204de10:   0002797261726269 0000000000000000
0x000000000204de20:   0000000000000000 000000006f36a745
0x000000000204de30:   000000000204e0f0 0000000000000007
0x000000000204de40:   00000000797e27e0 0000000001cb6d10 

Instructions: (pc=0x000000007976c9c3)
0x000000007976c9a3:   cc cc cc cc cc 40 53 48 83 ec 20 48 8b d9 c6 41
0x000000007976c9b3:   18 00 48 85 d2 75 7f e8 0d 57 fe ff 48 89 43 10
0x000000007976c9c3:   48 8b 90 c0 00 00 00 48 89 13 48 8b 88 b8 00 00
0x000000007976c9d3:   00 48 89 4b 08 48 3b 15 61 5f 07 00 74 16 8b 80 


Register to memory mapping:

RAX=0x0002797261726269 is an unknown value
RBX=0x000000000204de00 is pointing into the stack for thread: 0x0000000001d30800
RCX=0x0000000000000000 is an unknown value
RDX=0x000000000015c7b0 is an unknown value
RSP=0x000000000204dd50 is pointing into the stack for thread: 0x0000000001d30800
RBP=0x000000000204de80 is pointing into the stack for thread: 0x0000000001d30800
RSI=0x000000000204e300 is pointing into the stack for thread: 0x0000000001d30800
RDI=0x0000000001d09cc0 is an unknown value
R8 =0x000007fffffdb000 is an unknown value
R9 =0x000000000204e1b0 is pointing into the stack for thread: 0x0000000001d30800
R10=0x0000000000000000 is an unknown value
R11=0x00000004041ce70f is an unknown value
R12=0x0000000000000000 is an unknown value
R13=0x0000000000000000 is an unknown value
R14=0x0000000001d29aa0 is an unknown value
R15=0x000000000204e1b0 is pointing into the stack for thread: 0x0000000001d30800


Stack: [0x0000000001f50000,0x0000000002050000],  sp=0x000000000204dd50,  free space=1015k
Native frames: (J=compiled Java code, j=interpreted, Vv=VM code, C=native code)
C  [msvcr100.dll+0x3c9c3]  strncpy+0x183

Java frames: (J=compiled Java code, j=interpreted, Vv=VM code)
j  java.lang.ClassLoader.findBootstrapClass(Ljava/lang/String;)Ljava/lang/Class;+0
j  java.lang.ClassLoader.findBootstrapClassOrNull(Ljava/lang/String;)Ljava/lang/Class;+12
j  java.lang.ClassLoader.loadClass(Ljava/lang/String;Z)Ljava/lang/Class;+48
j  java.lang.ClassLoader.loadClass(Ljava/lang/String;Z)Ljava/lang/Class;+38
j  sun.misc.Launcher$AppClassLoader.loadClass(Ljava/lang/String;Z)Ljava/lang/Class;+36
j  java.lang.ClassLoader.loadClass(Ljava/lang/String;)Ljava/lang/Class;+3
v  ~StubRoutines::call_stub
j  java.lang.Class.forName0(Ljava/lang/String;ZLjava/lang/ClassLoader;)Ljava/lang/Class;+0
j  java.lang.Class.forName(Ljava/lang/String;ZLjava/lang/ClassLoader;)Ljava/lang/Class;+32
j  org.hibernate.jpa.internal.metamodel.MetadataContext.populateStaticMetamodel(Lorg/hibernate/jpa/internal/metamodel/AbstractManagedType;)V+39
j  org.hibernate.jpa.internal.metamodel.MetadataContext.populateStaticMetamodel(Lorg/hibernate/jpa/internal/metamodel/AbstractManagedType;)V+70
j  org.hibernate.jpa.internal.metamodel.MetadataContext.wrapUp()V+221
j  org.hibernate.jpa.internal.metamodel.MetamodelImpl.buildMetamodel(Ljava/util/Iterator;Ljava/util/Set;Lorg/hibernate/engine/spi/SessionFactoryImplementor;Z)Lorg/hibernate/jpa/internal/metamodel/MetamodelImpl;+50
j  org.hibernate.jpa.internal.EntityManagerFactoryImpl.<init>(Ljava/lang/String;Lorg/hibernate/engine/spi/SessionFactoryImplementor;Lorg/hibernate/jpa/boot/internal/SettingsImpl;Ljava/util/Map;Lorg/hibernate/cfg/Configuration;)V+107
j  org.hibernate.jpa.boot.internal.EntityManagerFactoryBuilderImpl$4.perform()Lorg/hibernate/jpa/internal/EntityManagerFactoryImpl;+140
j  org.hibernate.jpa.boot.internal.EntityManagerFactoryBuilderImpl$4.perform()Ljava/lang/Object;+1
j  org.hibernate.boot.registry.classloading.internal.ClassLoaderServiceImpl.withTccl(Lorg/hibernate/boot/registry/classloading/internal/ClassLoaderServiceImpl$Work;)Ljava/lang/Object;+27
j  org.hibernate.jpa.boot.internal.EntityManagerFactoryBuilderImpl.build()Ljavax/persistence/EntityManagerFactory;+35
j  org.hibernate.jpa.HibernatePersistenceProvider.createEntityManagerFactory(Ljava/lang/String;Ljava/util/Map;)Ljavax/persistence/EntityManagerFactory;+31
j  utilities.internal.DatabaseUtil.initialise()V+19
j  utilities.internal.DatabasePopulator.run(Ljava/lang/String;Ljava/lang/String;)V+105
j  utilities.InitialiseDatabase.main([Ljava/lang/String;)V+4
v  ~StubRoutines::call_stub

---------------  P R O C E S S  ---------------

Java Threads: ( => current thread )
  0x000000000aca6800 JavaThread "pool-1-thread-1" [_thread_blocked, id=2780, stack(0x000000000c5c0000,0x000000000c6c0000)]
  0x000000000b5ac800 JavaThread "Abandoned connection cleanup thread" daemon [_thread_blocked, id=2792, stack(0x000000000c440000,0x000000000c540000)]
  0x000000000a2a5800 JavaThread "Service Thread" daemon [_thread_blocked, id=2776, stack(0x000000000aa40000,0x000000000ab40000)]
  0x000000000a29d000 JavaThread "C2 CompilerThread1" daemon [_thread_blocked, id=2772, stack(0x000000000a940000,0x000000000aa40000)]
  0x000000000a29b800 JavaThread "C2 CompilerThread0" daemon [_thread_blocked, id=2768, stack(0x000000000a840000,0x000000000a940000)]
  0x000000000a295800 JavaThread "Attach Listener" daemon [_thread_blocked, id=2764, stack(0x000000000a740000,0x000000000a840000)]
  0x000000000a294800 JavaThread "Signal Dispatcher" daemon [_thread_blocked, id=2752, stack(0x000000000a640000,0x000000000a740000)]
  0x00000000089b3000 JavaThread "Finalizer" daemon [_thread_blocked, id=2760, stack(0x000000000a140000,0x000000000a240000)]
  0x00000000089a7800 JavaThread "Reference Handler" daemon [_thread_blocked, id=2756, stack(0x000000000a040000,0x000000000a140000)]
=>0x0000000001d30800 JavaThread "main" [_thread_in_vm, id=2608, stack(0x0000000001f50000,0x0000000002050000)]

Other Threads:
  0x00000000089a2000 VMThread [stack: 0x0000000009f40000,0x000000000a040000] [id=2748]
  0x000000000a2f9000 WatcherThread [stack: 0x000000000ab40000,0x000000000ac40000] [id=2784]

VM state:not at safepoint (normal execution)

VM Mutex/Monitor currently owned by a thread: None

Heap
 PSYoungGen      total 38080K, used 37227K [0x00000000eaab0000, 0x00000000eea00000, 0x0000000100000000)
  eden space 31616K, 98% used [0x00000000eaab0000,0x00000000ec91cb50,0x00000000ec990000)
  from space 6464K, 93% used [0x00000000ec990000,0x00000000ecf7e118,0x00000000ecfe0000)
  to   space 7104K, 0% used [0x00000000ee310000,0x00000000ee310000,0x00000000eea00000)
 ParOldGen       total 43712K, used 7620K [0x00000000c0000000, 0x00000000c2ab0000, 0x00000000eaab0000)
  object space 43712K, 17% used [0x00000000c0000000,0x00000000c07712f0,0x00000000c2ab0000)
 PSPermGen       total 23360K, used 23198K [0x00000000bae00000, 0x00000000bc4d0000, 0x00000000c0000000)
  object space 23360K, 99% used [0x00000000bae00000,0x00000000bc4a7b08,0x00000000bc4d0000)

Card table byte_map: [0x0000000005140000,0x0000000005370000] byte_map_base: 0x0000000004b69000

Polling page: 0x0000000002050000

Code Cache  [0x0000000002080000, 0x00000000022f0000, 0x0000000005080000)
 total_blobs=701 nmethods=317 adapters=334 free_code_cache=47989Kb largest_free_block=49050112

Compilation events (10 events):
Event: 4.330 Thread 0x000000000a29d000  315             org.hibernate.tuple.AbstractNonIdentifierAttribute::sessionFactory (5 bytes)
Event: 4.330 Thread 0x000000000a29d000 nmethod 315 0x00000000021adf10 code [0x00000000021ae040, 0x00000000021ae098]
Event: 4.359 Thread 0x000000000a29b800  316             sun.security.provider.SHA::implCompress (491 bytes)
Event: 4.361 Thread 0x000000000a29d000  317             sun.nio.cs.ISO_8859_1$Encoder::encode (107 bytes)
Event: 4.362 Thread 0x000000000a29d000 nmethod 317 0x00000000021af390 code [0x00000000021af500, 0x00000000021af7b8]
Event: 4.369 Thread 0x000000000a29d000  318             sun.misc.URLClassPath::getResource (74 bytes)
Event: 4.369 Thread 0x000000000a29b800 nmethod 316 0x00000000021ae310 code [0x00000000021ae460, 0x00000000021aee48]
Event: 4.393 Thread 0x000000000a29b800  319             java.lang.Class$MethodArray::removeByNameAndSignature (71 bytes)
Event: 4.395 Thread 0x000000000a29d000 nmethod 318 0x00000000021b4150 code [0x00000000021b45e0, 0x00000000021b6420]
Event: 4.396 Thread 0x000000000a29b800 nmethod 319 0x00000000020e5cd0 code [0x00000000020e5e40, 0x00000000020e61a8]

GC Heap History (10 events):
Event: 3.061 GC heap before
{Heap before GC invocations=5 (full 0):
 PSYoungGen      total 19136K, used 19126K [0x00000000eaab0000, 0x00000000ec000000, 0x0000000100000000)
  eden space 16448K, 100% used [0x00000000eaab0000,0x00000000ebac0000,0x00000000ebac0000)
  from space 2688K, 99% used [0x00000000ebd60000,0x00000000ebffd838,0x00000000ec000000)
  to   space 2688K, 0% used [0x00000000ebac0000,0x00000000ebac0000,0x00000000ebd60000)
 ParOldGen       total 43712K, used 2400K [0x00000000c0000000, 0x00000000c2ab0000, 0x00000000eaab0000)
  object space 43712K, 5% used [0x00000000c0000000,0x00000000c0258018,0x00000000c2ab0000)
 PSPermGen       total 21248K, used 17790K [0x00000000bae00000, 0x00000000bc2c0000, 0x00000000c0000000)
  object space 21248K, 83% used [0x00000000bae00000,0x00000000bbf5f858,0x00000000bc2c0000)
Event: 3.066 GC heap after
Heap after GC invocations=5 (full 0):
 PSYoungGen      total 18752K, used 2678K [0x00000000eaab0000, 0x00000000ec5e0000, 0x0000000100000000)
  eden space 16064K, 0% used [0x00000000eaab0000,0x00000000eaab0000,0x00000000eba60000)
  from space 2688K, 99% used [0x00000000ebac0000,0x00000000ebd5d838,0x00000000ebd60000)
  to   space 5888K, 0% used [0x00000000ec020000,0x00000000ec020000,0x00000000ec5e0000)
 ParOldGen       total 43712K, used 4546K [0x00000000c0000000, 0x00000000c2ab0000, 0x00000000eaab0000)
  object space 43712K, 10% used [0x00000000c0000000,0x00000000c0470a00,0x00000000c2ab0000)
 PSPermGen       total 21248K, used 17790K [0x00000000bae00000, 0x00000000bc2c0000, 0x00000000c0000000)
  object space 21248K, 83% used [0x00000000bae00000,0x00000000bbf5f858,0x00000000bc2c0000)
}
Event: 3.411 GC heap before
{Heap before GC invocations=6 (full 0):
 PSYoungGen      total 18752K, used 18742K [0x00000000eaab0000, 0x00000000ec5e0000, 0x0000000100000000)
  eden space 16064K, 100% used [0x00000000eaab0000,0x00000000eba60000,0x00000000eba60000)
  from space 2688K, 99% used [0x00000000ebac0000,0x00000000ebd5d838,0x00000000ebd60000)
  to   space 5888K, 0% used [0x00000000ec020000,0x00000000ec020000,0x00000000ec5e0000)
 ParOldGen       total 43712K, used 4546K [0x00000000c0000000, 0x00000000c2ab0000, 0x00000000eaab0000)
  object space 43712K, 10% used [0x00000000c0000000,0x00000000c0470a00,0x00000000c2ab0000)
 PSPermGen       total 21248K, used 19344K [0x00000000bae00000, 0x00000000bc2c0000, 0x00000000c0000000)
  object space 21248K, 91% used [0x00000000bae00000,0x00000000bc0e4140,0x00000000bc2c0000)
Event: 3.418 GC heap after
Heap after GC invocations=6 (full 0):
 PSYoungGen      total 21696K, used 4517K [0x00000000eaab0000, 0x00000000ed610000, 0x0000000100000000)
  eden space 15808K, 0% used [0x00000000eaab0000,0x00000000eaab0000,0x00000000eba20000)
  from space 5888K, 76% used [0x00000000ec020000,0x00000000ec489798,0x00000000ec5e0000)
  to   space 6144K, 0% used [0x00000000eba20000,0x00000000eba20000,0x00000000ec020000)
 ParOldGen       total 43712K, used 4554K [0x00000000c0000000, 0x00000000c2ab0000, 0x00000000eaab0000)
  object space 43712K, 10% used [0x00000000c0000000,0x00000000c0472a00,0x00000000c2ab0000)
 PSPermGen       total 21248K, used 19344K [0x00000000bae00000, 0x00000000bc2c0000, 0x00000000c0000000)
  object space 21248K, 91% used [0x00000000bae00000,0x00000000bc0e4140,0x00000000bc2c0000)
}
Event: 3.708 GC heap before
{Heap before GC invocations=7 (full 0):
 PSYoungGen      total 21696K, used 20325K [0x00000000eaab0000, 0x00000000ed610000, 0x0000000100000000)
  eden space 15808K, 100% used [0x00000000eaab0000,0x00000000eba20000,0x00000000eba20000)
  from space 5888K, 76% used [0x00000000ec020000,0x00000000ec489798,0x00000000ec5e0000)
  to   space 6144K, 0% used [0x00000000eba20000,0x00000000eba20000,0x00000000ec020000)
 ParOldGen       total 43712K, used 4554K [0x00000000c0000000, 0x00000000c2ab0000, 0x00000000eaab0000)
  object space 43712K, 10% used [0x00000000c0000000,0x00000000c0472a00,0x00000000c2ab0000)
 PSPermGen       total 21248K, used 20182K [0x00000000bae00000, 0x00000000bc2c0000, 0x00000000c0000000)
  object space 21248K, 94% used [0x00000000bae00000,0x00000000bc1b5940,0x00000000bc2c0000)
Event: 3.713 GC heap after
Heap after GC invocations=7 (full 0):
 PSYoungGen      total 21952K, used 4907K [0x00000000eaab0000, 0x00000000ed630000, 0x0000000100000000)
  eden space 15808K, 0% used [0x00000000eaab0000,0x00000000eaab0000,0x00000000eba20000)
  from space 6144K, 79% used [0x00000000eba20000,0x00000000ebeeaf08,0x00000000ec020000)
  to   space 6464K, 0% used [0x00000000ecfe0000,0x00000000ecfe0000,0x00000000ed630000)
 ParOldGen       total 43712K, used 5574K [0x00000000c0000000, 0x00000000c2ab0000, 0x00000000eaab0000)
  object space 43712K, 12% used [0x00000000c0000000,0x00000000c0571978,0x00000000c2ab0000)
 PSPermGen       total 21248K, used 20182K [0x00000000bae00000, 0x00000000bc2c0000, 0x00000000c0000000)
  object space 21248K, 94% used [0x00000000bae00000,0x00000000bc1b5940,0x00000000bc2c0000)
}
Event: 3.936 GC heap before
{Heap before GC invocations=8 (full 0):
 PSYoungGen      total 21952K, used 20715K [0x00000000eaab0000, 0x00000000ed630000, 0x0000000100000000)
  eden space 15808K, 100% used [0x00000000eaab0000,0x00000000eba20000,0x00000000eba20000)
  from space 6144K, 79% used [0x00000000eba20000,0x00000000ebeeaf08,0x00000000ec020000)
  to   space 6464K, 0% used [0x00000000ecfe0000,0x00000000ecfe0000,0x00000000ed630000)
 ParOldGen       total 43712K, used 5574K [0x00000000c0000000, 0x00000000c2ab0000, 0x00000000eaab0000)
  object space 43712K, 12% used [0x00000000c0000000,0x00000000c0571978,0x00000000c2ab0000)
 PSPermGen       total 21440K, used 21268K [0x00000000bae00000, 0x00000000bc2f0000, 0x00000000c0000000)
  object space 21440K, 99% used [0x00000000bae00000,0x00000000bc2c5360,0x00000000bc2f0000)
Event: 3.944 GC heap after
Heap after GC invocations=8 (full 0):
 PSYoungGen      total 38080K, used 4553K [0x00000000eaab0000, 0x00000000ed630000, 0x0000000100000000)
  eden space 31616K, 0% used [0x00000000eaab0000,0x00000000eaab0000,0x00000000ec990000)
  from space 6464K, 70% used [0x00000000ecfe0000,0x00000000ed452518,0x00000000ed630000)
  to   space 6464K, 0% used [0x00000000ec990000,0x00000000ec990000,0x00000000ecfe0000)
 ParOldGen       total 43712K, used 6642K [0x00000000c0000000, 0x00000000c2ab0000, 0x00000000eaab0000)
  object space 43712K, 15% used [0x00000000c0000000,0x00000000c067cae0,0x00000000c2ab0000)
 PSPermGen       total 21440K, used 21268K [0x00000000bae00000, 0x00000000bc2f0000, 0x00000000c0000000)
  object space 21440K, 99% used [0x00000000bae00000,0x00000000bc2c5360,0x00000000bc2f0000)
}
Event: 4.192 GC heap before
{Heap before GC invocations=9 (full 0):
 PSYoungGen      total 38080K, used 36169K [0x00000000eaab0000, 0x00000000ed630000, 0x0000000100000000)
  eden space 31616K, 100% used [0x00000000eaab0000,0x00000000ec990000,0x00000000ec990000)
  from space 6464K, 70% used [0x00000000ecfe0000,0x00000000ed452518,0x00000000ed630000)
  to   space 6464K, 0% used [0x00000000ec990000,0x00000000ec990000,0x00000000ecfe0000)
 ParOldGen       total 43712K, used 6642K [0x00000000c0000000, 0x00000000c2ab0000, 0x00000000eaab0000)
  object space 43712K, 15% used [0x00000000c0000000,0x00000000c067cae0,0x00000000c2ab0000)
 PSPermGen       total 22400K, used 22385K [0x00000000bae00000, 0x00000000bc3e0000, 0x00000000c0000000)
  object space 22400K, 99% used [0x00000000bae00000,0x00000000bc3dc6f8,0x00000000bc3e0000)
Event: 4.202 GC heap after
Heap after GC invocations=9 (full 0):
 PSYoungGen      total 38080K, used 6072K [0x00000000eaab0000, 0x00000000eea00000, 0x0000000100000000)
  eden space 31616K, 0% used [0x00000000eaab0000,0x00000000eaab0000,0x00000000ec990000)
  from space 6464K, 93% used [0x00000000ec990000,0x00000000ecf7e118,0x00000000ecfe0000)
  to   space 7104K, 0% used [0x00000000ee310000,0x00000000ee310000,0x00000000eea00000)
 ParOldGen       total 43712K, used 7620K [0x00000000c0000000, 0x00000000c2ab0000, 0x00000000eaab0000)
  object space 43712K, 17% used [0x00000000c0000000,0x00000000c07712f0,0x00000000c2ab0000)
 PSPermGen       total 22400K, used 22385K [0x00000000bae00000, 0x00000000bc3e0000, 0x00000000c0000000)
  object space 22400K, 99% used [0x00000000bae00000,0x00000000bc3dc6f8,0x00000000bc3e0000)
}

Deoptimization events (10 events):
Event: 3.688 Thread 0x0000000001d30800 Uncommon trap -58 fr.pc 0x000000000217f3c0
Event: 3.688 Thread 0x0000000001d30800 Uncommon trap -58 fr.pc 0x0000000002180bf0
Event: 3.688 Thread 0x0000000001d30800 Uncommon trap -58 fr.pc 0x0000000002180bf0
Event: 3.688 Thread 0x0000000001d30800 Uncommon trap -58 fr.pc 0x0000000002180bf0
Event: 3.688 Thread 0x0000000001d30800 Uncommon trap -58 fr.pc 0x000000000217f3c0
Event: 3.688 Thread 0x0000000001d30800 Uncommon trap -58 fr.pc 0x000000000217f3cc
Event: 3.688 Thread 0x0000000001d30800 Uncommon trap -58 fr.pc 0x000000000217f3c0
Event: 3.704 Thread 0x0000000001d30800 Uncommon trap -83 fr.pc 0x000000000218e8f0
Event: 3.860 Thread 0x0000000001d30800 Uncommon trap -83 fr.pc 0x0000000002193bf8
Event: 3.954 Thread 0x0000000001d30800 Uncommon trap -28 fr.pc 0x00000000021a0094

Internal exceptions (10 events):
Event: 4.475 Thread 0x0000000001d30800 Threw 0x00000000ec8a0b50 at C:\jdk7u2_64p\jdk7u13\hotspot\src\share\vm\prims\jvm.cpp:1166
Event: 4.476 Thread 0x0000000001d30800 Threw 0x00000000ec8a9230 at C:\jdk7u2_64p\jdk7u13\hotspot\src\share\vm\prims\jvm.cpp:1166
Event: 4.476 Thread 0x0000000001d30800 Threw 0x00000000ec8afba8 at C:\jdk7u2_64p\jdk7u13\hotspot\src\share\vm\prims\jvm.cpp:1166
Event: 4.477 Thread 0x0000000001d30800 Threw 0x00000000ec8b8a88 at C:\jdk7u2_64p\jdk7u13\hotspot\src\share\vm\prims\jvm.cpp:1166
Event: 4.478 Thread 0x0000000001d30800 Threw 0x00000000ec8c1518 at C:\jdk7u2_64p\jdk7u13\hotspot\src\share\vm\prims\jvm.cpp:1166
Event: 4.479 Thread 0x0000000001d30800 Threw 0x00000000ec8c6018 at C:\jdk7u2_64p\jdk7u13\hotspot\src\share\vm\prims\jvm.cpp:1166
Event: 4.479 Thread 0x0000000001d30800 Threw 0x00000000ec8c6580 at C:\jdk7u2_64p\jdk7u13\hotspot\src\share\vm\prims\jvm.cpp:1166
Event: 4.479 Thread 0x0000000001d30800 Threw 0x00000000ec8cae68 at C:\jdk7u2_64p\jdk7u13\hotspot\src\share\vm\prims\jvm.cpp:1166
Event: 4.480 Thread 0x0000000001d30800 Threw 0x00000000ec8d3918 at C:\jdk7u2_64p\jdk7u13\hotspot\src\share\vm\prims\jvm.cpp:1166
Event: 4.480 Thread 0x0000000001d30800 Threw 0x00000000ec8d8418 at C:\jdk7u2_64p\jdk7u13\hotspot\src\share\vm\prims\jvm.cpp:1166

